[     120ms] [INFO] %cDownload the React DevTools for a better development experience: https://react.dev/link/react-devtools font-weight:bold @ http://localhost:8082/build/app.js:55992
[     156ms] [LOG] details: {application: Application} @ http://localhost:8082/build/app.js:2717
[     156ms] [LOG] details: {application: Application} @ http://localhost:8082/build/app.js:2717
[   15841ms] [VERBOSE] [DOM] Input elements should have autocomplete attributes (suggested: "current-password"): (More info: https://goo.gl/9p2vKq) %o @ http://localhost:8082/admin/dashboard:0
[   17545ms] [INFO] %cDownload the React DevTools for a better development experience: https://react.dev/link/react-devtools font-weight:bold @ http://localhost:8082/build/app.js:55992
[   17593ms] [LOG] details: {application: Application} @ http://localhost:8082/build/app.js:2717
[   17593ms] [LOG] details: {application: Application} @ http://localhost:8082/build/app.js:2717
[   18984ms] [VERBOSE] [DOM] Input elements should have autocomplete attributes (suggested: "current-password"): (More info: https://goo.gl/9p2vKq) %o @ http://localhost:8082/admin/promotions:0
[   19676ms] [VERBOSE] [DOM] Input elements should have autocomplete attributes (suggested: "current-password"): (More info: https://goo.gl/9p2vKq) %o @ http://localhost:8082/admin/promotions:0
[   20134ms] [VERBOSE] [DOM] Input elements should have autocomplete attributes (suggested: "current-password"): (More info: https://goo.gl/9p2vKq) %o @ http://localhost:8082/admin/promotions:0
[   20315ms] [VERBOSE] [DOM] Input elements should have autocomplete attributes (suggested: "current-password"): (More info: https://goo.gl/9p2vKq) %o @ http://localhost:8082/admin/promotions:0
[   35704ms] [VERBOSE] [DOM] Input elements should have autocomplete attributes (suggested: "current-password"): (More info: https://goo.gl/9p2vKq) %o @ http://localhost:8082/admin:0
[   37704ms] [ERROR] Failed to load resource: the server responded with a status of 500 (Internal Server Error) @ http://localhost:8082/api/frontend-bootstrap:0
[   42929ms] [ERROR] Failed to load resource: the server responded with a status of 500 (Internal Server Error) @ http://localhost:8082/api/frontend-bootstrap:0
[   47358ms] [VERBOSE] [DOM] Input elements should have autocomplete attributes (suggested: "current-password"): (More info: https://goo.gl/9p2vKq) %o @ http://localhost:8082/admin/users:0
[   49509ms] [INFO] %cDownload the React DevTools for a better development experience: https://react.dev/link/react-devtools font-weight:bold @ http://localhost:8082/build/app.js:55992
[   49519ms] [LOG] details: {application: Application} @ http://localhost:8082/build/app.js:2717
[   49519ms] [LOG] details: {application: Application} @ http://localhost:8082/build/app.js:2717
[   55280ms] [VERBOSE] [DOM] Input elements should have autocomplete attributes (suggested: "current-password"): (More info: https://goo.gl/9p2vKq) %o @ http://localhost:8082/admin/categories:0
[   56567ms] [INFO] %cDownload the React DevTools for a better development experience: https://react.dev/link/react-devtools font-weight:bold @ http://localhost:8082/build/app.js:55992
[   56610ms] [LOG] details: {application: Application} @ http://localhost:8082/build/app.js:2717
[   56610ms] [LOG] details: {application: Application} @ http://localhost:8082/build/app.js:2717
