[     280ms] [INFO] %cDownload the React DevTools for a better development experience: https://react.dev/link/react-devtools font-weight:bold @ http://localhost:8082/build/app.js:55990
[     327ms] [LOG] details: {application: Application} @ http://localhost:8082/build/app.js:2717
[     327ms] [LOG] details: {application: Application} @ http://localhost:8082/build/app.js:2717
[   40778ms] [INFO] %cDownload the React DevTools for a better development experience: https://react.dev/link/react-devtools font-weight:bold @ http://localhost:8082/build/app.js:55990
[   40844ms] [LOG] details: {application: Application} @ http://localhost:8082/build/app.js:2717
[   40844ms] [LOG] details: {application: Application} @ http://localhost:8082/build/app.js:2717
[   42193ms] [INFO] %cDownload the React DevTools for a better development experience: https://react.dev/link/react-devtools font-weight:bold @ http://localhost:8082/build/app.js:55990
[   42224ms] [LOG] details: {application: Application} @ http://localhost:8082/build/app.js:2717
[   42224ms] [LOG] details: {application: Application} @ http://localhost:8082/build/app.js:2717
[   43569ms] [INFO] %cDownload the React DevTools for a better development experience: https://react.dev/link/react-devtools font-weight:bold @ http://localhost:8082/build/app.js:55990
[   43601ms] [LOG] details: {application: Application} @ http://localhost:8082/build/app.js:2717
[   43601ms] [LOG] details: {application: Application} @ http://localhost:8082/build/app.js:2717
[   44986ms] [INFO] %cDownload the React DevTools for a better development experience: https://react.dev/link/react-devtools font-weight:bold @ http://localhost:8082/build/app.js:55990
[   45016ms] [LOG] details: {application: Application} @ http://localhost:8082/build/app.js:2717
[   45017ms] [LOG] details: {application: Application} @ http://localhost:8082/build/app.js:2717
[   46332ms] [INFO] %cDownload the React DevTools for a better development experience: https://react.dev/link/react-devtools font-weight:bold @ http://localhost:8082/build/app.js:55990
[   46363ms] [LOG] details: {application: Application} @ http://localhost:8082/build/app.js:2717
[   46363ms] [LOG] details: {application: Application} @ http://localhost:8082/build/app.js:2717
[   47631ms] [INFO] %cDownload the React DevTools for a better development experience: https://react.dev/link/react-devtools font-weight:bold @ http://localhost:8082/build/app.js:55990
[   47663ms] [LOG] details: {application: Application} @ http://localhost:8082/build/app.js:2717
[   47663ms] [LOG] details: {application: Application} @ http://localhost:8082/build/app.js:2717
[   49040ms] [INFO] %cDownload the React DevTools for a better development experience: https://react.dev/link/react-devtools font-weight:bold @ http://localhost:8082/build/app.js:55990
[   49074ms] [LOG] details: {application: Application} @ http://localhost:8082/build/app.js:2717
[   49074ms] [LOG] details: {application: Application} @ http://localhost:8082/build/app.js:2717
[   50366ms] [INFO] %cDownload the React DevTools for a better development experience: https://react.dev/link/react-devtools font-weight:bold @ http://localhost:8082/build/app.js:55990
[   50399ms] [LOG] details: {application: Application} @ http://localhost:8082/build/app.js:2717
[   50399ms] [LOG] details: {application: Application} @ http://localhost:8082/build/app.js:2717
[   51742ms] [INFO] %cDownload the React DevTools for a better development experience: https://react.dev/link/react-devtools font-weight:bold @ http://localhost:8082/build/app.js:55990
[   51774ms] [LOG] details: {application: Application} @ http://localhost:8082/build/app.js:2717
[   51774ms] [LOG] details: {application: Application} @ http://localhost:8082/build/app.js:2717
[   53048ms] [INFO] %cDownload the React DevTools for a better development experience: https://react.dev/link/react-devtools font-weight:bold @ http://localhost:8082/build/app.js:55990
[   53077ms] [LOG] details: {application: Application} @ http://localhost:8082/build/app.js:2717
[   53078ms] [LOG] details: {application: Application} @ http://localhost:8082/build/app.js:2717
[   54446ms] [INFO] %cDownload the React DevTools for a better development experience: https://react.dev/link/react-devtools font-weight:bold @ http://localhost:8082/build/app.js:55990
[   54476ms] [LOG] details: {application: Application} @ http://localhost:8082/build/app.js:2717
[   54476ms] [LOG] details: {application: Application} @ http://localhost:8082/build/app.js:2717
[   54638ms] [ERROR] Failed to load resource: the server responded with a status of 404 (Not Found) @ http://localhost:8082/api/settings:0
[   55775ms] [INFO] %cDownload the React DevTools for a better development experience: https://react.dev/link/react-devtools font-weight:bold @ http://localhost:8082/build/app.js:55990
[   55806ms] [LOG] details: {application: Application} @ http://localhost:8082/build/app.js:2717
[   55806ms] [LOG] details: {application: Application} @ http://localhost:8082/build/app.js:2717
[   57160ms] [INFO] %cDownload the React DevTools for a better development experience: https://react.dev/link/react-devtools font-weight:bold @ http://localhost:8082/build/app.js:55990
[   57193ms] [LOG] details: {application: Application} @ http://localhost:8082/build/app.js:2717
[   57193ms] [LOG] details: {application: Application} @ http://localhost:8082/build/app.js:2717
[   57321ms] [ERROR] Failed to load resource: the server responded with a status of 404 (Not Found) @ http://localhost:8082/api/subscription_plans:0
[   57324ms] [ERROR] Failed to load resource: the server responded with a status of 404 (Not Found) @ http://localhost:8082/api/subscriptions:0
