[     487ms] [LOG] 
⠀⠀#######
 ##########
#############
##############
##############
###################
#####################
#######################
#######################
#######################
######################
###################

%cWe're hiring!

%chttps://lovable.dev/careers color: #FFFFFF; font-weight: 900; font-size: 18px; text-shadow: 1px 1px 2px black; color: blue; font-size: 16px; @ https://lovable.dev/_next/static/chunks/0m8mlhue5igjt.js?dpl=a-28505528933-1-3505b708a93890a5:9
[     697ms] [INFO] WebGPU is experimental on this platform. See https://github.com/gpuweb/gpuweb/wiki/Implementation-Status#implementation-status @ https://lovable.dev/_next/static/chunks/0pj5t_1rg.~58.js?dpl=a-28505528933-1-3505b708a93890a5:1
[     698ms] [WARNING] Failed to create WebGPU Context Provider @ https://lovable.dev/_next/static/chunks/0pj5t_1rg.~58.js?dpl=a-28505528933-1-3505b708a93890a5:1
[     859ms] [LOG] Initializing RudderStack Analytics @ https://lovable.dev/_next/static/chunks/0m8mlhue5igjt.js?dpl=a-28505528933-1-3505b708a93890a5:9
[    1136ms] [WARNING] Rewardful is already loaded. @ https://lovable.dev/_next/static/chunks/0m8mlhue5igjt.js?dpl=a-28505528933-1-3505b708a93890a5:9
[    1769ms] [WARNING] [Meta Pixel] - Removed parameters from custom data due to potential violations. Go to Events Manager to learn more. @ https://lovable.dev/_next/static/chunks/0m8mlhue5igjt.js?dpl=a-28505528933-1-3505b708a93890a5:9
[   31168ms] [ERROR] Failed to load resource: net::ERR_TIMED_OUT @ https://snap.licdn.com/li.lms-analytics/insight.min.js:0
[   31236ms] [ERROR] Failed to load resource: net::ERR_TIMED_OUT @ https://analytics.tiktok.com/i18n/pixel/events.js?sdkid=CVJ5MTBC77U1BR7NAGTG&lib=ttq:0
