[      78ms] [INFO] %cDownload the React DevTools for a better development experience: https://react.dev/link/react-devtools font-weight:bold @ http://localhost:8082/build/app.js:55990
[     112ms] [LOG] details: {application: Application} @ http://localhost:8082/build/app.js:2717
[     112ms] [LOG] details: {application: Application} @ http://localhost:8082/build/app.js:2717
[     271ms] [ERROR] Failed to load resource: the server responded with a status of 404 (Not Found) @ http://localhost:8082/api/settings:0
[  181830ms] [INFO] %cDownload the React DevTools for a better development experience: https://react.dev/link/react-devtools font-weight:bold @ http://localhost:8082/build/app.js:55992
[  181876ms] [LOG] details: {application: Application} @ http://localhost:8082/build/app.js:2717
[  181876ms] [LOG] details: {application: Application} @ http://localhost:8082/build/app.js:2717
[  183341ms] [INFO] %cDownload the React DevTools for a better development experience: https://react.dev/link/react-devtools font-weight:bold @ http://localhost:8082/build/app.js:55992
[  183405ms] [LOG] details: {application: Application} @ http://localhost:8082/build/app.js:2717
[  183405ms] [LOG] details: {application: Application} @ http://localhost:8082/build/app.js:2717
[  184640ms] [INFO] %cDownload the React DevTools for a better development experience: https://react.dev/link/react-devtools font-weight:bold @ http://localhost:8082/build/app.js:55992
[  184671ms] [LOG] details: {application: Application} @ http://localhost:8082/build/app.js:2717
[  184671ms] [LOG] details: {application: Application} @ http://localhost:8082/build/app.js:2717
[  185899ms] [INFO] %cDownload the React DevTools for a better development experience: https://react.dev/link/react-devtools font-weight:bold @ http://localhost:8082/build/app.js:55992
[  185929ms] [LOG] details: {application: Application} @ http://localhost:8082/build/app.js:2717
[  185929ms] [LOG] details: {application: Application} @ http://localhost:8082/build/app.js:2717
[  187137ms] [INFO] %cDownload the React DevTools for a better development experience: https://react.dev/link/react-devtools font-weight:bold @ http://localhost:8082/build/app.js:55992
[  187166ms] [LOG] details: {application: Application} @ http://localhost:8082/build/app.js:2717
[  187166ms] [LOG] details: {application: Application} @ http://localhost:8082/build/app.js:2717
[  188361ms] [INFO] %cDownload the React DevTools for a better development experience: https://react.dev/link/react-devtools font-weight:bold @ http://localhost:8082/build/app.js:55992
[  188394ms] [LOG] details: {application: Application} @ http://localhost:8082/build/app.js:2717
[  188394ms] [LOG] details: {application: Application} @ http://localhost:8082/build/app.js:2717
[  189642ms] [INFO] %cDownload the React DevTools for a better development experience: https://react.dev/link/react-devtools font-weight:bold @ http://localhost:8082/build/app.js:55992
[  189678ms] [LOG] details: {application: Application} @ http://localhost:8082/build/app.js:2717
[  189679ms] [LOG] details: {application: Application} @ http://localhost:8082/build/app.js:2717
[  190868ms] [INFO] %cDownload the React DevTools for a better development experience: https://react.dev/link/react-devtools font-weight:bold @ http://localhost:8082/build/app.js:55992
[  190925ms] [LOG] details: {application: Application} @ http://localhost:8082/build/app.js:2717
[  190925ms] [LOG] details: {application: Application} @ http://localhost:8082/build/app.js:2717
[  192164ms] [INFO] %cDownload the React DevTools for a better development experience: https://react.dev/link/react-devtools font-weight:bold @ http://localhost:8082/build/app.js:55992
[  192196ms] [LOG] details: {application: Application} @ http://localhost:8082/build/app.js:2717
[  192196ms] [LOG] details: {application: Application} @ http://localhost:8082/build/app.js:2717
[  193403ms] [INFO] %cDownload the React DevTools for a better development experience: https://react.dev/link/react-devtools font-weight:bold @ http://localhost:8082/build/app.js:55992
[  193434ms] [LOG] details: {application: Application} @ http://localhost:8082/build/app.js:2717
[  193434ms] [LOG] details: {application: Application} @ http://localhost:8082/build/app.js:2717
[  194686ms] [INFO] %cDownload the React DevTools for a better development experience: https://react.dev/link/react-devtools font-weight:bold @ http://localhost:8082/build/app.js:55992
[  194717ms] [LOG] details: {application: Application} @ http://localhost:8082/build/app.js:2717
[  194717ms] [LOG] details: {application: Application} @ http://localhost:8082/build/app.js:2717
[  194910ms] [ERROR] Failed to load resource: the server responded with a status of 500 (Internal Server Error) @ http://localhost:8082/api/settings:0
[  195917ms] [INFO] %cDownload the React DevTools for a better development experience: https://react.dev/link/react-devtools font-weight:bold @ http://localhost:8082/build/app.js:55992
[  195949ms] [LOG] details: {application: Application} @ http://localhost:8082/build/app.js:2717
[  195949ms] [LOG] details: {application: Application} @ http://localhost:8082/build/app.js:2717
[  197204ms] [INFO] %cDownload the React DevTools for a better development experience: https://react.dev/link/react-devtools font-weight:bold @ http://localhost:8082/build/app.js:55992
[  197243ms] [LOG] details: {application: Application} @ http://localhost:8082/build/app.js:2717
[  197243ms] [LOG] details: {application: Application} @ http://localhost:8082/build/app.js:2717
[  197348ms] [ERROR] Failed to load resource: the server responded with a status of 404 (Not Found) @ http://localhost:8082/api/subscriptions:0
