[    1154ms] [INFO] %cDownload the React DevTools for a better development experience: https://react.dev/link/react-devtools font-weight:bold @ http://localhost:8082/build/app.js:55992
[    1187ms] [LOG] details: {application: Application} @ http://localhost:8082/build/app.js:2717
[    1187ms] [LOG] details: {application: Application} @ http://localhost:8082/build/app.js:2717
[    1460ms] [ERROR] Failed to load resource: the server responded with a status of 500 (Internal Server Error) @ http://localhost:8082/api/settings:0
[  119760ms] [INFO] %cDownload the React DevTools for a better development experience: https://react.dev/link/react-devtools font-weight:bold @ http://localhost:8082/build/app.js:55992
[  119806ms] [LOG] details: {application: Application} @ http://localhost:8082/build/app.js:2717
[  119806ms] [LOG] details: {application: Application} @ http://localhost:8082/build/app.js:2717
[  121218ms] [INFO] %cDownload the React DevTools for a better development experience: https://react.dev/link/react-devtools font-weight:bold @ http://localhost:8082/build/app.js:55992
[  121299ms] [LOG] details: {application: Application} @ http://localhost:8082/build/app.js:2717
[  121299ms] [LOG] details: {application: Application} @ http://localhost:8082/build/app.js:2717
[  122539ms] [INFO] %cDownload the React DevTools for a better development experience: https://react.dev/link/react-devtools font-weight:bold @ http://localhost:8082/build/app.js:55992
[  122575ms] [LOG] details: {application: Application} @ http://localhost:8082/build/app.js:2717
[  122575ms] [LOG] details: {application: Application} @ http://localhost:8082/build/app.js:2717
[  123847ms] [INFO] %cDownload the React DevTools for a better development experience: https://react.dev/link/react-devtools font-weight:bold @ http://localhost:8082/build/app.js:55992
[  123880ms] [LOG] details: {application: Application} @ http://localhost:8082/build/app.js:2717
[  123880ms] [LOG] details: {application: Application} @ http://localhost:8082/build/app.js:2717
[  125061ms] [INFO] %cDownload the React DevTools for a better development experience: https://react.dev/link/react-devtools font-weight:bold @ http://localhost:8082/build/app.js:55992
[  125097ms] [LOG] details: {application: Application} @ http://localhost:8082/build/app.js:2717
[  125097ms] [LOG] details: {application: Application} @ http://localhost:8082/build/app.js:2717
[  126291ms] [INFO] %cDownload the React DevTools for a better development experience: https://react.dev/link/react-devtools font-weight:bold @ http://localhost:8082/build/app.js:55992
[  126327ms] [LOG] details: {application: Application} @ http://localhost:8082/build/app.js:2717
[  126328ms] [LOG] details: {application: Application} @ http://localhost:8082/build/app.js:2717
[  127588ms] [INFO] %cDownload the React DevTools for a better development experience: https://react.dev/link/react-devtools font-weight:bold @ http://localhost:8082/build/app.js:55992
[  127630ms] [LOG] details: {application: Application} @ http://localhost:8082/build/app.js:2717
[  127630ms] [LOG] details: {application: Application} @ http://localhost:8082/build/app.js:2717
[  128825ms] [INFO] %cDownload the React DevTools for a better development experience: https://react.dev/link/react-devtools font-weight:bold @ http://localhost:8082/build/app.js:55992
[  128860ms] [LOG] details: {application: Application} @ http://localhost:8082/build/app.js:2717
[  128861ms] [LOG] details: {application: Application} @ http://localhost:8082/build/app.js:2717
[  130056ms] [INFO] %cDownload the React DevTools for a better development experience: https://react.dev/link/react-devtools font-weight:bold @ http://localhost:8082/build/app.js:55992
[  130092ms] [LOG] details: {application: Application} @ http://localhost:8082/build/app.js:2717
[  130092ms] [LOG] details: {application: Application} @ http://localhost:8082/build/app.js:2717
[  131290ms] [INFO] %cDownload the React DevTools for a better development experience: https://react.dev/link/react-devtools font-weight:bold @ http://localhost:8082/build/app.js:55992
[  131327ms] [LOG] details: {application: Application} @ http://localhost:8082/build/app.js:2717
[  131327ms] [LOG] details: {application: Application} @ http://localhost:8082/build/app.js:2717
[  132560ms] [INFO] %cDownload the React DevTools for a better development experience: https://react.dev/link/react-devtools font-weight:bold @ http://localhost:8082/build/app.js:55992
[  132595ms] [LOG] details: {application: Application} @ http://localhost:8082/build/app.js:2717
[  132595ms] [LOG] details: {application: Application} @ http://localhost:8082/build/app.js:2717
[  133867ms] [INFO] %cDownload the React DevTools for a better development experience: https://react.dev/link/react-devtools font-weight:bold @ http://localhost:8082/build/app.js:55992
[  133904ms] [LOG] details: {application: Application} @ http://localhost:8082/build/app.js:2717
[  133904ms] [LOG] details: {application: Application} @ http://localhost:8082/build/app.js:2717
[  135182ms] [INFO] %cDownload the React DevTools for a better development experience: https://react.dev/link/react-devtools font-weight:bold @ http://localhost:8082/build/app.js:55992
[  135217ms] [LOG] details: {application: Application} @ http://localhost:8082/build/app.js:2717
[  135217ms] [LOG] details: {application: Application} @ http://localhost:8082/build/app.js:2717
[  247361ms] [INFO] %cDownload the React DevTools for a better development experience: https://react.dev/link/react-devtools font-weight:bold @ http://localhost:8082/build/app.js:55992
[  247397ms] [LOG] details: {application: Application} @ http://localhost:8082/build/app.js:2717
[  247398ms] [LOG] details: {application: Application} @ http://localhost:8082/build/app.js:2717
[  248752ms] [INFO] %cDownload the React DevTools for a better development experience: https://react.dev/link/react-devtools font-weight:bold @ http://localhost:8082/build/app.js:55992
[  248788ms] [LOG] details: {application: Application} @ http://localhost:8082/build/app.js:2717
[  248788ms] [LOG] details: {application: Application} @ http://localhost:8082/build/app.js:2717
[  250118ms] [INFO] %cDownload the React DevTools for a better development experience: https://react.dev/link/react-devtools font-weight:bold @ http://localhost:8082/build/app.js:55992
[  250154ms] [LOG] details: {application: Application} @ http://localhost:8082/build/app.js:2717
[  250154ms] [LOG] details: {application: Application} @ http://localhost:8082/build/app.js:2717
[  251337ms] [INFO] %cDownload the React DevTools for a better development experience: https://react.dev/link/react-devtools font-weight:bold @ http://localhost:8082/build/app.js:55992
[  251373ms] [LOG] details: {application: Application} @ http://localhost:8082/build/app.js:2717
[  251373ms] [LOG] details: {application: Application} @ http://localhost:8082/build/app.js:2717
[  252557ms] [INFO] %cDownload the React DevTools for a better development experience: https://react.dev/link/react-devtools font-weight:bold @ http://localhost:8082/build/app.js:55992
[  252592ms] [LOG] details: {application: Application} @ http://localhost:8082/build/app.js:2717
[  252592ms] [LOG] details: {application: Application} @ http://localhost:8082/build/app.js:2717
[  253768ms] [INFO] %cDownload the React DevTools for a better development experience: https://react.dev/link/react-devtools font-weight:bold @ http://localhost:8082/build/app.js:55992
[  253802ms] [LOG] details: {application: Application} @ http://localhost:8082/build/app.js:2717
[  253803ms] [LOG] details: {application: Application} @ http://localhost:8082/build/app.js:2717
[  253902ms] [ERROR] Failed to load resource: the server responded with a status of 404 (Not Found) @ http://localhost:8082/api/product_filters?page=1&itemsPerPage=20:0
[  254986ms] [INFO] %cDownload the React DevTools for a better development experience: https://react.dev/link/react-devtools font-weight:bold @ http://localhost:8082/build/app.js:55992
[  255020ms] [LOG] details: {application: Application} @ http://localhost:8082/build/app.js:2717
[  255020ms] [LOG] details: {application: Application} @ http://localhost:8082/build/app.js:2717
[  256191ms] [INFO] %cDownload the React DevTools for a better development experience: https://react.dev/link/react-devtools font-weight:bold @ http://localhost:8082/build/app.js:55992
[  256229ms] [LOG] details: {application: Application} @ http://localhost:8082/build/app.js:2717
[  256229ms] [LOG] details: {application: Application} @ http://localhost:8082/build/app.js:2717
[  257452ms] [INFO] %cDownload the React DevTools for a better development experience: https://react.dev/link/react-devtools font-weight:bold @ http://localhost:8082/build/app.js:55992
[  257489ms] [LOG] details: {application: Application} @ http://localhost:8082/build/app.js:2717
[  257489ms] [LOG] details: {application: Application} @ http://localhost:8082/build/app.js:2717
[  258690ms] [INFO] %cDownload the React DevTools for a better development experience: https://react.dev/link/react-devtools font-weight:bold @ http://localhost:8082/build/app.js:55992
[  258724ms] [LOG] details: {application: Application} @ http://localhost:8082/build/app.js:2717
[  258724ms] [LOG] details: {application: Application} @ http://localhost:8082/build/app.js:2717
[  258818ms] [ERROR] Failed to load resource: the server responded with a status of 404 (Not Found) @ http://localhost:8082/api/cms_pages?page=1&itemsPerPage=20:0
[  259904ms] [INFO] %cDownload the React DevTools for a better development experience: https://react.dev/link/react-devtools font-weight:bold @ http://localhost:8082/build/app.js:55992
[  259941ms] [LOG] details: {application: Application} @ http://localhost:8082/build/app.js:2717
[  259941ms] [LOG] details: {application: Application} @ http://localhost:8082/build/app.js:2717
[  261233ms] [INFO] %cDownload the React DevTools for a better development experience: https://react.dev/link/react-devtools font-weight:bold @ http://localhost:8082/build/app.js:55992
[  261268ms] [LOG] details: {application: Application} @ http://localhost:8082/build/app.js:2717
[  261268ms] [LOG] details: {application: Application} @ http://localhost:8082/build/app.js:2717
[  262488ms] [INFO] %cDownload the React DevTools for a better development experience: https://react.dev/link/react-devtools font-weight:bold @ http://localhost:8082/build/app.js:55992
[  262523ms] [LOG] details: {application: Application} @ http://localhost:8082/build/app.js:2717
[  262523ms] [LOG] details: {application: Application} @ http://localhost:8082/build/app.js:2717
[  342671ms] [INFO] %cDownload the React DevTools for a better development experience: https://react.dev/link/react-devtools font-weight:bold @ http://localhost:8082/build/app.js:55992
[  342716ms] [LOG] details: {application: Application} @ http://localhost:8082/build/app.js:2717
[  342716ms] [LOG] details: {application: Application} @ http://localhost:8082/build/app.js:2717
[  344086ms] [INFO] %cDownload the React DevTools for a better development experience: https://react.dev/link/react-devtools font-weight:bold @ http://localhost:8082/build/app.js:55992
[  344166ms] [LOG] details: {application: Application} @ http://localhost:8082/build/app.js:2717
[  344166ms] [LOG] details: {application: Application} @ http://localhost:8082/build/app.js:2717
[  345418ms] [INFO] %cDownload the React DevTools for a better development experience: https://react.dev/link/react-devtools font-weight:bold @ http://localhost:8082/build/app.js:55992
[  345456ms] [LOG] details: {application: Application} @ http://localhost:8082/build/app.js:2717
[  345456ms] [LOG] details: {application: Application} @ http://localhost:8082/build/app.js:2717
[  346635ms] [INFO] %cDownload the React DevTools for a better development experience: https://react.dev/link/react-devtools font-weight:bold @ http://localhost:8082/build/app.js:55992
[  346671ms] [LOG] details: {application: Application} @ http://localhost:8082/build/app.js:2717
[  346671ms] [LOG] details: {application: Application} @ http://localhost:8082/build/app.js:2717
[  347879ms] [INFO] %cDownload the React DevTools for a better development experience: https://react.dev/link/react-devtools font-weight:bold @ http://localhost:8082/build/app.js:55992
[  347913ms] [LOG] details: {application: Application} @ http://localhost:8082/build/app.js:2717
[  347913ms] [LOG] details: {application: Application} @ http://localhost:8082/build/app.js:2717
[  349177ms] [INFO] %cDownload the React DevTools for a better development experience: https://react.dev/link/react-devtools font-weight:bold @ http://localhost:8082/build/app.js:55992
[  349231ms] [LOG] details: {application: Application} @ http://localhost:8082/build/app.js:2717
[  349231ms] [LOG] details: {application: Application} @ http://localhost:8082/build/app.js:2717
[  350410ms] [INFO] %cDownload the React DevTools for a better development experience: https://react.dev/link/react-devtools font-weight:bold @ http://localhost:8082/build/app.js:55992
[  350444ms] [LOG] details: {application: Application} @ http://localhost:8082/build/app.js:2717
[  350445ms] [LOG] details: {application: Application} @ http://localhost:8082/build/app.js:2717
[  351614ms] [INFO] %cDownload the React DevTools for a better development experience: https://react.dev/link/react-devtools font-weight:bold @ http://localhost:8082/build/app.js:55992
[  351649ms] [LOG] details: {application: Application} @ http://localhost:8082/build/app.js:2717
[  351649ms] [LOG] details: {application: Application} @ http://localhost:8082/build/app.js:2717
[  352806ms] [INFO] %cDownload the React DevTools for a better development experience: https://react.dev/link/react-devtools font-weight:bold @ http://localhost:8082/build/app.js:55992
[  352841ms] [LOG] details: {application: Application} @ http://localhost:8082/build/app.js:2717
[  352841ms] [LOG] details: {application: Application} @ http://localhost:8082/build/app.js:2717
[  354004ms] [INFO] %cDownload the React DevTools for a better development experience: https://react.dev/link/react-devtools font-weight:bold @ http://localhost:8082/build/app.js:55992
[  354041ms] [LOG] details: {application: Application} @ http://localhost:8082/build/app.js:2717
[  354042ms] [LOG] details: {application: Application} @ http://localhost:8082/build/app.js:2717
[  355244ms] [INFO] %cDownload the React DevTools for a better development experience: https://react.dev/link/react-devtools font-weight:bold @ http://localhost:8082/build/app.js:55992
[  355279ms] [LOG] details: {application: Application} @ http://localhost:8082/build/app.js:2717
[  355279ms] [LOG] details: {application: Application} @ http://localhost:8082/build/app.js:2717
[  356519ms] [INFO] %cDownload the React DevTools for a better development experience: https://react.dev/link/react-devtools font-weight:bold @ http://localhost:8082/build/app.js:55992
[  356558ms] [LOG] details: {application: Application} @ http://localhost:8082/build/app.js:2717
[  356558ms] [LOG] details: {application: Application} @ http://localhost:8082/build/app.js:2717
[  357769ms] [INFO] %cDownload the React DevTools for a better development experience: https://react.dev/link/react-devtools font-weight:bold @ http://localhost:8082/build/app.js:55992
[  357803ms] [LOG] details: {application: Application} @ http://localhost:8082/build/app.js:2717
[  357804ms] [LOG] details: {application: Application} @ http://localhost:8082/build/app.js:2717
