[     688ms] [LOG] 
⠀⠀#######
 ##########
#############
##############
##############
###################
#####################
#######################
#######################
#######################
######################
###################

%cWe're hiring!

%chttps://lovable.dev/careers color: #FFFFFF; font-weight: 900; font-size: 18px; text-shadow: 1px 1px 2px black; color: blue; font-size: 16px; @ https://lovable.dev/_next/static/chunks/05-0_jbs1lheo.js?dpl=a-28432382632-1-1e7f422c1aec10d9:9
[     882ms] [INFO] WebGPU is experimental on this platform. See https://github.com/gpuweb/gpuweb/wiki/Implementation-Status#implementation-status @ https://lovable.dev/_next/static/chunks/0pj5t_1rg.~58.js?dpl=a-28432382632-1-1e7f422c1aec10d9:1
[     882ms] [WARNING] Failed to create WebGPU Context Provider @ https://lovable.dev/_next/static/chunks/0pj5t_1rg.~58.js?dpl=a-28432382632-1-1e7f422c1aec10d9:1
[     995ms] [LOG] Initializing RudderStack Analytics @ https://lovable.dev/_next/static/chunks/05-0_jbs1lheo.js?dpl=a-28432382632-1-1e7f422c1aec10d9:9
[    1236ms] [WARNING] Rewardful is already loaded. @ https://lovable.dev/_next/static/chunks/05-0_jbs1lheo.js?dpl=a-28432382632-1-1e7f422c1aec10d9:9
[    1390ms] [WARNING] [Meta Pixel] - Removed parameters from custom data due to potential violations. Go to Events Manager to learn more. @ https://lovable.dev/_next/static/chunks/05-0_jbs1lheo.js?dpl=a-28432382632-1-1e7f422c1aec10d9:9
[    6324ms] [ERROR] Failed to load resource: net::ERR_TIMED_OUT @ https://snap.licdn.com/li.lms-analytics/insight.min.js:0
[    6459ms] [ERROR] Failed to load resource: net::ERR_TIMED_OUT @ https://analytics.tiktok.com/i18n/pixel/events.js?sdkid=CVJ5MTBC77U1BR7NAGTG&lib=ttq:0
[   11060ms] [WARNING] Rewardful is already loaded. @ https://lovable.dev/_next/static/chunks/05-0_jbs1lheo.js?dpl=a-28432382632-1-1e7f422c1aec10d9:9
[   11181ms] TypeError: Cannot read properties of undefined (reading 'unshift')
    at https://bat.bing.com/p/insights/t/97210341:1:511
    at https://bat.bing.com/p/insights/t/97210341:1:556
[   11183ms] [WARNING] Error WI001: Multiple webinsights tags detected. @ https://lovable.dev/_next/static/chunks/05-0_jbs1lheo.js?dpl=a-28432382632-1-1e7f422c1aec10d9:9
[   11227ms] [WARNING] Rewardful is already loaded. @ https://lovable.dev/_next/static/chunks/05-0_jbs1lheo.js?dpl=a-28432382632-1-1e7f422c1aec10d9:9
[   22341ms] [ERROR] %c RS SDK %c DeviceModeDestinationsPlugin:: Failed to get the ready status from integration for destination "Google-Analytics-4-(GA4)___32YjYP1mCxsEfzMEI0TnoWD5Q4n" - A timeout of 11000 ms occurred font-weight: bold; background: black; color: white; font-weight: normal; @ https://lovable.dev/_next/static/chunks/05-0_jbs1lheo.js?dpl=a-28432382632-1-1e7f422c1aec10d9:9
[   22342ms] [ERROR] %c RS SDK %c DeviceModeDestinationsPlugin:: Failed to get the ready status from integration for destination "Google-Analytics-4-(GA4)___32YjYP1mCxsEfzMEI0TnoWD5Q4n" - A timeout of 11000 ms occurred font-weight: bold; background: black; color: white; font-weight: normal; @ https://lovable.dev/_next/static/chunks/05-0_jbs1lheo.js?dpl=a-28432382632-1-1e7f422c1aec10d9:9
[   22343ms] [ERROR] %c RS SDK %c DeviceModeDestinationsPlugin:: Failed to get the ready status from integration for destination "Google-Analytics-4-(GA4)___32YjYP1mCxsEfzMEI0TnoWD5Q4n" - A timeout of 11000 ms occurred font-weight: bold; background: black; color: white; font-weight: normal; @ https://lovable.dev/_next/static/chunks/05-0_jbs1lheo.js?dpl=a-28432382632-1-1e7f422c1aec10d9:9
[   31174ms] [ERROR] Failed to load resource: net::ERR_TIMED_OUT @ https://analytics.tiktok.com/i18n/pixel/events.js?sdkid=CVJ5MTBC77U1BR7NAGTG&lib=ttq:0
