[     422ms] [INFO] %cDownload the React DevTools for a better development experience: https://react.dev/link/react-devtools font-weight:bold @ https://id-preview--4ec1b0ef-c439-4627-8074-8095e244b15c.lovable.app/assets/index-B3F7JdJv.js:214
[     424ms] [LOG] ❤️ Lovable Script — v1.4.24 @ https://cdn.gpteng.co/lovable.js:206
[     434ms] [WARNING] Failed to execute 'postMessage' on 'DOMWindow': The target origin provided ('https://gptengineer.app') does not match the recipient window's origin ('https://id-preview--4ec1b0ef-c439-4627-8074-8095e244b15c.lovable.app'). @ https://cdn.gpteng.co/lovable.js:25
[     434ms] [WARNING] Failed to execute 'postMessage' on 'DOMWindow': The target origin provided ('https://lovable.dev') does not match the recipient window's origin ('https://id-preview--4ec1b0ef-c439-4627-8074-8095e244b15c.lovable.app'). @ https://cdn.gpteng.co/lovable.js:25
[     434ms] [WARNING] Failed to execute 'postMessage' on 'DOMWindow': The target origin provided ('https://beta.lovable.dev') does not match the recipient window's origin ('https://id-preview--4ec1b0ef-c439-4627-8074-8095e244b15c.lovable.app'). @ https://cdn.gpteng.co/lovable.js:25
[     439ms] [WARNING] Failed to execute 'postMessage' on 'DOMWindow': The target origin provided ('https://gptengineer.app') does not match the recipient window's origin ('https://id-preview--4ec1b0ef-c439-4627-8074-8095e244b15c.lovable.app'). @ https://cdn.gpteng.co/lovable.js:25
[     439ms] [WARNING] Failed to execute 'postMessage' on 'DOMWindow': The target origin provided ('https://lovable.dev') does not match the recipient window's origin ('https://id-preview--4ec1b0ef-c439-4627-8074-8095e244b15c.lovable.app'). @ https://cdn.gpteng.co/lovable.js:25
[     439ms] [WARNING] Failed to execute 'postMessage' on 'DOMWindow': The target origin provided ('https://beta.lovable.dev') does not match the recipient window's origin ('https://id-preview--4ec1b0ef-c439-4627-8074-8095e244b15c.lovable.app'). @ https://cdn.gpteng.co/lovable.js:25
[     446ms] [ERROR] Error: useCart hors provider
    at Zm (https://id-preview--4ec1b0ef-c439-4627-8074-8095e244b15c.lovable.app/assets/index-B3F7JdJv.js:244:89088)
    at tt (https://id-preview--4ec1b0ef-c439-4627-8074-8095e244b15c.lovable.app/assets/shop-Nd6I2eRG.js:5:4351)
    at Object.react_stack_bottom_frame (https://id-preview--4ec1b0ef-c439-4627-8074-8095e244b15c.lovable.app/assets/index-B3F7JdJv.js:208:245)
    at xa (https://id-preview--4ec1b0ef-c439-4627-8074-8095e244b15c.lovable.app/assets/index-B3F7JdJv.js:104:803)
    at bs (https://id-preview--4ec1b0ef-c439-4627-8074-8095e244b15c.lovable.app/assets/index-B3F7JdJv.js:120:2385)
    at Ls (https://id-preview--4ec1b0ef-c439-4627-8074-8095e244b15c.lovable.app/assets/index-B3F7JdJv.js:129:10459)
    at P (https://id-preview--4ec1b0ef-c439-4627-8074-8095e244b15c.lovable.app/assets/index-B3F7JdJv.js:18:108)
    at bl (https://id-preview--4ec1b0ef-c439-4627-8074-8095e244b15c.lovable.app/assets/index-B3F7JdJv.js:142:37613)
    at _l (https://id-preview--4ec1b0ef-c439-4627-8074-8095e244b15c.lovable.app/assets/index-B3F7JdJv.js:142:36333)
    at gl (https://id-preview--4ec1b0ef-c439-4627-8074-8095e244b15c.lovable.app/assets/index-B3F7JdJv.js:142:36172) @ https://id-preview--4ec1b0ef-c439-4627-8074-8095e244b15c.lovable.app/assets/index-B3F7JdJv.js:243
[     447ms] [ERROR] Error: useCart hors provider
    at Zm (https://id-preview--4ec1b0ef-c439-4627-8074-8095e244b15c.lovable.app/assets/index-B3F7JdJv.js:244:89088)
    at tt (https://id-preview--4ec1b0ef-c439-4627-8074-8095e244b15c.lovable.app/assets/shop-Nd6I2eRG.js:5:4351)
    at Object.react_stack_bottom_frame (https://id-preview--4ec1b0ef-c439-4627-8074-8095e244b15c.lovable.app/assets/index-B3F7JdJv.js:208:245)
    at xa (https://id-preview--4ec1b0ef-c439-4627-8074-8095e244b15c.lovable.app/assets/index-B3F7JdJv.js:104:803)
    at bs (https://id-preview--4ec1b0ef-c439-4627-8074-8095e244b15c.lovable.app/assets/index-B3F7JdJv.js:120:2385)
    at Ls (https://id-preview--4ec1b0ef-c439-4627-8074-8095e244b15c.lovable.app/assets/index-B3F7JdJv.js:129:10459)
    at P (https://id-preview--4ec1b0ef-c439-4627-8074-8095e244b15c.lovable.app/assets/index-B3F7JdJv.js:18:108)
    at bl (https://id-preview--4ec1b0ef-c439-4627-8074-8095e244b15c.lovable.app/assets/index-B3F7JdJv.js:142:37613)
    at _l (https://id-preview--4ec1b0ef-c439-4627-8074-8095e244b15c.lovable.app/assets/index-B3F7JdJv.js:142:36333)
    at gl (https://id-preview--4ec1b0ef-c439-4627-8074-8095e244b15c.lovable.app/assets/index-B3F7JdJv.js:142:36172) @ https://id-preview--4ec1b0ef-c439-4627-8074-8095e244b15c.lovable.app/assets/index-B3F7JdJv.js:243
[     448ms] [ERROR] Error: useCart hors provider
    at Zm (https://id-preview--4ec1b0ef-c439-4627-8074-8095e244b15c.lovable.app/assets/index-B3F7JdJv.js:244:89088)
    at tt (https://id-preview--4ec1b0ef-c439-4627-8074-8095e244b15c.lovable.app/assets/shop-Nd6I2eRG.js:5:4351)
    at Object.react_stack_bottom_frame (https://id-preview--4ec1b0ef-c439-4627-8074-8095e244b15c.lovable.app/assets/index-B3F7JdJv.js:208:245)
    at xa (https://id-preview--4ec1b0ef-c439-4627-8074-8095e244b15c.lovable.app/assets/index-B3F7JdJv.js:104:803)
    at bs (https://id-preview--4ec1b0ef-c439-4627-8074-8095e244b15c.lovable.app/assets/index-B3F7JdJv.js:120:2385)
    at Ls (https://id-preview--4ec1b0ef-c439-4627-8074-8095e244b15c.lovable.app/assets/index-B3F7JdJv.js:129:10459)
    at P (https://id-preview--4ec1b0ef-c439-4627-8074-8095e244b15c.lovable.app/assets/index-B3F7JdJv.js:18:108)
    at bl (https://id-preview--4ec1b0ef-c439-4627-8074-8095e244b15c.lovable.app/assets/index-B3F7JdJv.js:142:37613)
    at _l (https://id-preview--4ec1b0ef-c439-4627-8074-8095e244b15c.lovable.app/assets/index-B3F7JdJv.js:142:36333)
    at gl (https://id-preview--4ec1b0ef-c439-4627-8074-8095e244b15c.lovable.app/assets/index-B3F7JdJv.js:142:36172) @ https://id-preview--4ec1b0ef-c439-4627-8074-8095e244b15c.lovable.app/assets/index-B3F7JdJv.js:243
[     448ms] [ERROR] Error: useCart hors provider
    at Zm (https://id-preview--4ec1b0ef-c439-4627-8074-8095e244b15c.lovable.app/assets/index-B3F7JdJv.js:244:89088)
    at tt (https://id-preview--4ec1b0ef-c439-4627-8074-8095e244b15c.lovable.app/assets/shop-Nd6I2eRG.js:5:4351)
    at Object.react_stack_bottom_frame (https://id-preview--4ec1b0ef-c439-4627-8074-8095e244b15c.lovable.app/assets/index-B3F7JdJv.js:208:245)
    at xa (https://id-preview--4ec1b0ef-c439-4627-8074-8095e244b15c.lovable.app/assets/index-B3F7JdJv.js:104:803)
    at bs (https://id-preview--4ec1b0ef-c439-4627-8074-8095e244b15c.lovable.app/assets/index-B3F7JdJv.js:120:2385)
    at Ls (https://id-preview--4ec1b0ef-c439-4627-8074-8095e244b15c.lovable.app/assets/index-B3F7JdJv.js:129:10459)
    at P (https://id-preview--4ec1b0ef-c439-4627-8074-8095e244b15c.lovable.app/assets/index-B3F7JdJv.js:18:108)
    at bl (https://id-preview--4ec1b0ef-c439-4627-8074-8095e244b15c.lovable.app/assets/index-B3F7JdJv.js:142:37613)
    at _l (https://id-preview--4ec1b0ef-c439-4627-8074-8095e244b15c.lovable.app/assets/index-B3F7JdJv.js:142:36333)
    at gl (https://id-preview--4ec1b0ef-c439-4627-8074-8095e244b15c.lovable.app/assets/index-B3F7JdJv.js:142:36172) @ https://id-preview--4ec1b0ef-c439-4627-8074-8095e244b15c.lovable.app/assets/index-B3F7JdJv.js:243
[     449ms] [ERROR] %o

%s

%s
 Error: useCart hors provider
    at Zm (https://id-preview--4ec1b0ef-c439-4627-8074-8095e244b15c.lovable.app/assets/index-B3F7JdJv.js:244:89088)
    at tt (https://id-preview--4ec1b0ef-c439-4627-8074-8095e244b15c.lovable.app/assets/shop-Nd6I2eRG.js:5:4351)
    at Object.react_stack_bottom_frame (https://id-preview--4ec1b0ef-c439-4627-8074-8095e244b15c.lovable.app/assets/index-B3F7JdJv.js:208:245)
    at xa (https://id-preview--4ec1b0ef-c439-4627-8074-8095e244b15c.lovable.app/assets/index-B3F7JdJv.js:104:803)
    at bs (https://id-preview--4ec1b0ef-c439-4627-8074-8095e244b15c.lovable.app/assets/index-B3F7JdJv.js:120:2385)
    at Ls (https://id-preview--4ec1b0ef-c439-4627-8074-8095e244b15c.lovable.app/assets/index-B3F7JdJv.js:129:10459)
    at P (https://id-preview--4ec1b0ef-c439-4627-8074-8095e244b15c.lovable.app/assets/index-B3F7JdJv.js:18:108)
    at bl (https://id-preview--4ec1b0ef-c439-4627-8074-8095e244b15c.lovable.app/assets/index-B3F7JdJv.js:142:37613)
    at _l (https://id-preview--4ec1b0ef-c439-4627-8074-8095e244b15c.lovable.app/assets/index-B3F7JdJv.js:142:36333)
    at gl (https://id-preview--4ec1b0ef-c439-4627-8074-8095e244b15c.lovable.app/assets/index-B3F7JdJv.js:142:36172) The above error occurred in the <tt> component. React will try to recreate this component tree from scratch using the error boundary you provided, qo. @ https://id-preview--4ec1b0ef-c439-4627-8074-8095e244b15c.lovable.app/assets/index-B3F7JdJv.js:112
[     449ms] [WARNING] Warning: Error in route match: __root__/ @ https://id-preview--4ec1b0ef-c439-4627-8074-8095e244b15c.lovable.app/assets/index-B3F7JdJv.js:220
[    1423ms] [WARNING] Failed to execute 'postMessage' on 'DOMWindow': The target origin provided ('https://gptengineer.app') does not match the recipient window's origin ('https://id-preview--4ec1b0ef-c439-4627-8074-8095e244b15c.lovable.app'). @ https://cdn.gpteng.co/lovable.js:25
[    1424ms] [WARNING] Failed to execute 'postMessage' on 'DOMWindow': The target origin provided ('https://lovable.dev') does not match the recipient window's origin ('https://id-preview--4ec1b0ef-c439-4627-8074-8095e244b15c.lovable.app'). @ https://cdn.gpteng.co/lovable.js:25
[    1424ms] [WARNING] Failed to execute 'postMessage' on 'DOMWindow': The target origin provided ('https://beta.lovable.dev') does not match the recipient window's origin ('https://id-preview--4ec1b0ef-c439-4627-8074-8095e244b15c.lovable.app'). @ https://cdn.gpteng.co/lovable.js:25
