[     934ms] [LOG] Initializing RudderStack Analytics @ https://lovable.dev/assets/vendor-sentry-BCdbpB1K.js:14
[    1020ms] [INFO] WebGPU is experimental on this platform. See https://github.com/gpuweb/gpuweb/wiki/Implementation-Status#implementation-status @ https://lovable.dev/assets/castle.browser-B9Fe0cPS.js:0
[    1021ms] [WARNING] Failed to create WebGPU Context Provider @ https://lovable.dev/assets/castle.browser-B9Fe0cPS.js:0
[    1226ms] [WARNING] Unrecognized feature: 'vr'. @ https://lovable.dev/assets/vendor-react-B6sL01Ts.js:7
[    1226ms] [WARNING] Unrecognized feature: 'ambient-light-sensor'. @ https://lovable.dev/assets/vendor-react-B6sL01Ts.js:7
[    1226ms] [WARNING] Unrecognized feature: 'battery'. @ https://lovable.dev/assets/vendor-react-B6sL01Ts.js:7
[    1226ms] [WARNING] Unrecognized feature: 'bluetooth'. @ https://lovable.dev/assets/vendor-react-B6sL01Ts.js:7
[    1245ms] [WARNING] Failed to execute 'postMessage' on 'DOMWindow': The target origin provided ('https://id-preview--4ec1b0ef-c439-4627-8074-8095e244b15c.lovable.app') does not match the recipient window's origin ('https://lovable.dev'). @ https://lovable.dev/assets/_projectId-DNJjIxZU.js:1
[    1245ms] [WARNING] Failed to execute 'postMessage' on 'DOMWindow': The target origin provided ('https://id-preview--4ec1b0ef-c439-4627-8074-8095e244b15c.lovable.app') does not match the recipient window's origin ('https://lovable.dev'). @ https://lovable.dev/assets/_projectId-DNJjIxZU.js:1
[    1245ms] [WARNING] Failed to execute 'postMessage' on 'DOMWindow': The target origin provided ('https://id-preview--4ec1b0ef-c439-4627-8074-8095e244b15c.lovable.app') does not match the recipient window's origin ('https://lovable.dev'). @ https://lovable.dev/assets/_projectId-DNJjIxZU.js:1
[    1457ms] [WARNING] Failed to execute 'postMessage' on 'DOMWindow': The target origin provided ('https://id-preview--4ec1b0ef-c439-4627-8074-8095e244b15c.lovable.app') does not match the recipient window's origin ('https://lovable.dev'). @ https://lovable.dev/assets/_projectId-DNJjIxZU.js:1
[    1467ms] [WARNING] [Meta Pixel] - Removed parameters from custom data due to potential violations. Go to Events Manager to learn more. @ https://lovable.dev/assets/vendor-sentry-BCdbpB1K.js:14
[    2246ms] [LOG] ❤️ Lovable Script — v1.4.24 @ https://cdn.gpteng.co/lovable.js:206
[    2461ms] [ERROR] Error: useCart hors provider
    at Zm (https://id-preview--4ec1b0ef-c439-4627-8074-8095e244b15c.lovable.app/assets/index-B3F7JdJv.js:244:89088)
    at tt (https://id-preview--4ec1b0ef-c439-4627-8074-8095e244b15c.lovable.app/assets/shop-Nd6I2eRG.js:5:4351)
    at Object.react_stack_bottom_frame (https://id-preview--4ec1b0ef-c439-4627-8074-8095e244b15c.lovable.app/assets/index-B3F7JdJv.js:208:245)
    at xa (https://id-preview--4ec1b0ef-c439-4627-8074-8095e244b15c.lovable.app/assets/index-B3F7JdJv.js:104:803)
    at bs (https://id-preview--4ec1b0ef-c439-4627-8074-8095e244b15c.lovable.app/assets/index-B3F7JdJv.js:120:2385)
    at Ls (https://id-preview--4ec1b0ef-c439-4627-8074-8095e244b15c.lovable.app/assets/index-B3F7JdJv.js:129:10459)
    at P (https://id-preview--4ec1b0ef-c439-4627-8074-8095e244b15c.lovable.app/assets/index-B3F7JdJv.js:18:108)
    at bl (https://id-preview--4ec1b0ef-c439-4627-8074-8095e244b15c.lovable.app/assets/index-B3F7JdJv.js:142:37613)
    at _l (https://id-preview--4ec1b0ef-c439-4627-8074-8095e244b15c.lovable.app/assets/index-B3F7JdJv.js:142:36333)
    at gl (https://id-preview--4ec1b0ef-c439-4627-8074-8095e244b15c.lovable.app/assets/index-B3F7JdJv.js:142:36172) @ https://cdn.gpteng.co/lovable.js:30
[    2461ms] [ERROR] Error: useCart hors provider
    at Zm (https://id-preview--4ec1b0ef-c439-4627-8074-8095e244b15c.lovable.app/assets/index-B3F7JdJv.js:244:89088)
    at tt (https://id-preview--4ec1b0ef-c439-4627-8074-8095e244b15c.lovable.app/assets/shop-Nd6I2eRG.js:5:4351)
    at Object.react_stack_bottom_frame (https://id-preview--4ec1b0ef-c439-4627-8074-8095e244b15c.lovable.app/assets/index-B3F7JdJv.js:208:245)
    at xa (https://id-preview--4ec1b0ef-c439-4627-8074-8095e244b15c.lovable.app/assets/index-B3F7JdJv.js:104:803)
    at bs (https://id-preview--4ec1b0ef-c439-4627-8074-8095e244b15c.lovable.app/assets/index-B3F7JdJv.js:120:2385)
    at Ls (https://id-preview--4ec1b0ef-c439-4627-8074-8095e244b15c.lovable.app/assets/index-B3F7JdJv.js:129:10459)
    at P (https://id-preview--4ec1b0ef-c439-4627-8074-8095e244b15c.lovable.app/assets/index-B3F7JdJv.js:18:108)
    at bl (https://id-preview--4ec1b0ef-c439-4627-8074-8095e244b15c.lovable.app/assets/index-B3F7JdJv.js:142:37613)
    at _l (https://id-preview--4ec1b0ef-c439-4627-8074-8095e244b15c.lovable.app/assets/index-B3F7JdJv.js:142:36333)
    at gl (https://id-preview--4ec1b0ef-c439-4627-8074-8095e244b15c.lovable.app/assets/index-B3F7JdJv.js:142:36172) @ https://cdn.gpteng.co/lovable.js:30
[    2463ms] [ERROR] Error: useCart hors provider
    at Zm (https://id-preview--4ec1b0ef-c439-4627-8074-8095e244b15c.lovable.app/assets/index-B3F7JdJv.js:244:89088)
    at tt (https://id-preview--4ec1b0ef-c439-4627-8074-8095e244b15c.lovable.app/assets/shop-Nd6I2eRG.js:5:4351)
    at Object.react_stack_bottom_frame (https://id-preview--4ec1b0ef-c439-4627-8074-8095e244b15c.lovable.app/assets/index-B3F7JdJv.js:208:245)
    at xa (https://id-preview--4ec1b0ef-c439-4627-8074-8095e244b15c.lovable.app/assets/index-B3F7JdJv.js:104:803)
    at bs (https://id-preview--4ec1b0ef-c439-4627-8074-8095e244b15c.lovable.app/assets/index-B3F7JdJv.js:120:2385)
    at Ls (https://id-preview--4ec1b0ef-c439-4627-8074-8095e244b15c.lovable.app/assets/index-B3F7JdJv.js:129:10459)
    at P (https://id-preview--4ec1b0ef-c439-4627-8074-8095e244b15c.lovable.app/assets/index-B3F7JdJv.js:18:108)
    at bl (https://id-preview--4ec1b0ef-c439-4627-8074-8095e244b15c.lovable.app/assets/index-B3F7JdJv.js:142:37613)
    at _l (https://id-preview--4ec1b0ef-c439-4627-8074-8095e244b15c.lovable.app/assets/index-B3F7JdJv.js:142:36333)
    at gl (https://id-preview--4ec1b0ef-c439-4627-8074-8095e244b15c.lovable.app/assets/index-B3F7JdJv.js:142:36172) @ https://cdn.gpteng.co/lovable.js:30
[    2463ms] [ERROR] Error: useCart hors provider
    at Zm (https://id-preview--4ec1b0ef-c439-4627-8074-8095e244b15c.lovable.app/assets/index-B3F7JdJv.js:244:89088)
    at tt (https://id-preview--4ec1b0ef-c439-4627-8074-8095e244b15c.lovable.app/assets/shop-Nd6I2eRG.js:5:4351)
    at Object.react_stack_bottom_frame (https://id-preview--4ec1b0ef-c439-4627-8074-8095e244b15c.lovable.app/assets/index-B3F7JdJv.js:208:245)
    at xa (https://id-preview--4ec1b0ef-c439-4627-8074-8095e244b15c.lovable.app/assets/index-B3F7JdJv.js:104:803)
    at bs (https://id-preview--4ec1b0ef-c439-4627-8074-8095e244b15c.lovable.app/assets/index-B3F7JdJv.js:120:2385)
    at Ls (https://id-preview--4ec1b0ef-c439-4627-8074-8095e244b15c.lovable.app/assets/index-B3F7JdJv.js:129:10459)
    at P (https://id-preview--4ec1b0ef-c439-4627-8074-8095e244b15c.lovable.app/assets/index-B3F7JdJv.js:18:108)
    at bl (https://id-preview--4ec1b0ef-c439-4627-8074-8095e244b15c.lovable.app/assets/index-B3F7JdJv.js:142:37613)
    at _l (https://id-preview--4ec1b0ef-c439-4627-8074-8095e244b15c.lovable.app/assets/index-B3F7JdJv.js:142:36333)
    at gl (https://id-preview--4ec1b0ef-c439-4627-8074-8095e244b15c.lovable.app/assets/index-B3F7JdJv.js:142:36172) @ https://cdn.gpteng.co/lovable.js:30
[    2464ms] [ERROR] %o

%s

%s
 Error: useCart hors provider
    at Zm (https://id-preview--4ec1b0ef-c439-4627-8074-8095e244b15c.lovable.app/assets/index-B3F7JdJv.js:244:89088)
    at tt (https://id-preview--4ec1b0ef-c439-4627-8074-8095e244b15c.lovable.app/assets/shop-Nd6I2eRG.js:5:4351)
    at Object.react_stack_bottom_frame (https://id-preview--4ec1b0ef-c439-4627-8074-8095e244b15c.lovable.app/assets/index-B3F7JdJv.js:208:245)
    at xa (https://id-preview--4ec1b0ef-c439-4627-8074-8095e244b15c.lovable.app/assets/index-B3F7JdJv.js:104:803)
    at bs (https://id-preview--4ec1b0ef-c439-4627-8074-8095e244b15c.lovable.app/assets/index-B3F7JdJv.js:120:2385)
    at Ls (https://id-preview--4ec1b0ef-c439-4627-8074-8095e244b15c.lovable.app/assets/index-B3F7JdJv.js:129:10459)
    at P (https://id-preview--4ec1b0ef-c439-4627-8074-8095e244b15c.lovable.app/assets/index-B3F7JdJv.js:18:108)
    at bl (https://id-preview--4ec1b0ef-c439-4627-8074-8095e244b15c.lovable.app/assets/index-B3F7JdJv.js:142:37613)
    at _l (https://id-preview--4ec1b0ef-c439-4627-8074-8095e244b15c.lovable.app/assets/index-B3F7JdJv.js:142:36333)
    at gl (https://id-preview--4ec1b0ef-c439-4627-8074-8095e244b15c.lovable.app/assets/index-B3F7JdJv.js:142:36172) The above error occurred in the <tt> component. React will try to recreate this component tree from scratch using the error boundary you provided, qo. @ https://cdn.gpteng.co/lovable.js:30
[    2465ms] [WARNING] Warning: Error in route match: __root__/ @ https://cdn.gpteng.co/lovable.js:30
[    3848ms] [WARNING] AuthenticatedApi: token manager was not initialized in time, using cookie auth fallback @ https://lovable.dev/assets/vendor-sentry-BCdbpB1K.js:14
[    3950ms] [ERROR] Failed to load resource: the server responded with a status of 401 () @ https://api.lovable.dev/permissions?projectId=4ec1b0ef-c439-4627-8074-8095e244b15c:0
[    3953ms] [INFO] api_error_unauthorized {error: APIError: Authorization header required
    at Th (https://lovable.dev/assets/app-shared-CR4XSCR6.j…, url: https://api.lovable.dev/permissions?projectId=4ec1b0ef-c439-4627-8074-8095e244b15c, method: GET, status: 401} @ https://lovable.dev/assets/vendor-sentry-BCdbpB1K.js:14
