[     522ms] [LOG] 
⠀⠀#######
 ##########
#############
##############
##############
###################
#####################
#######################
#######################
#######################
######################
###################

%cWe're hiring!

%chttps://lovable.dev/careers color: #FFFFFF; font-weight: 900; font-size: 18px; text-shadow: 1px 1px 2px black; color: blue; font-size: 16px; @ https://lovable.dev/_next/static/chunks/1q0dkrsaeqwvq.js?dpl=a-29343166272-1-95500d58eae3b478:9
[     666ms] [INFO] WebGPU is experimental on this platform. See https://github.com/gpuweb/gpuweb/wiki/Implementation-Status#implementation-status @ https://lovable.dev/_next/static/chunks/18gexatw48j4g.js?dpl=a-29343166272-1-95500d58eae3b478:1
[     667ms] [WARNING] Failed to create WebGPU Context Provider @ https://lovable.dev/_next/static/chunks/18gexatw48j4g.js?dpl=a-29343166272-1-95500d58eae3b478:1
[     876ms] [LOG] Initializing RudderStack Analytics @ https://lovable.dev/_next/static/chunks/1q0dkrsaeqwvq.js?dpl=a-29343166272-1-95500d58eae3b478:9
[    1012ms] [WARNING] Rewardful is already loaded. @ https://lovable.dev/_next/static/chunks/1q0dkrsaeqwvq.js?dpl=a-29343166272-1-95500d58eae3b478:9
[    1185ms] [ERROR] Failed to load resource: net::ERR_CERT_AUTHORITY_INVALID @ https://snap.licdn.com/li.lms-analytics/insight.min.js:0
[    1320ms] [ERROR] Failed to load resource: net::ERR_CERT_AUTHORITY_INVALID @ https://analytics.tiktok.com/i18n/pixel/events.js?sdkid=CVJ5MTBC77U1BR7NAGTG&lib=ttq:0
[    1501ms] [ERROR] Failed to load resource: net::ERR_CERT_AUTHORITY_INVALID @ https://snap.licdn.com/li.lms-analytics/insight.min.js:0
[    1627ms] [ERROR] Failed to load resource: net::ERR_CERT_AUTHORITY_INVALID @ https://snap.licdn.com/li.lms-analytics/insight.min.js:0
[    8490ms] [LOG] 
⠀⠀#######
 ##########
#############
##############
##############
###################
#####################
#######################
#######################
#######################
######################
###################

%cWe're hiring!

%chttps://lovable.dev/careers color: #FFFFFF; font-weight: 900; font-size: 18px; text-shadow: 1px 1px 2px black; color: blue; font-size: 16px; @ https://lovable.dev/_next/static/chunks/1q0dkrsaeqwvq.js?dpl=a-29343166272-1-95500d58eae3b478:9
[    8547ms] [INFO] WebGPU is experimental on this platform. See https://github.com/gpuweb/gpuweb/wiki/Implementation-Status#implementation-status @ https://lovable.dev/_next/static/chunks/18gexatw48j4g.js?dpl=a-29343166272-1-95500d58eae3b478:1
[    8548ms] [WARNING] Failed to create WebGPU Context Provider @ https://lovable.dev/_next/static/chunks/18gexatw48j4g.js?dpl=a-29343166272-1-95500d58eae3b478:1
[    8638ms] [LOG] Initializing RudderStack Analytics @ https://lovable.dev/_next/static/chunks/1q0dkrsaeqwvq.js?dpl=a-29343166272-1-95500d58eae3b478:9
[    8771ms] [ERROR] Failed to load resource: net::ERR_CERT_AUTHORITY_INVALID @ https://analytics.tiktok.com/i18n/pixel/events.js?sdkid=CVJ5MTBC77U1BR7NAGTG&lib=ttq:0
[    8772ms] [ERROR] Failed to load resource: net::ERR_CERT_AUTHORITY_INVALID @ https://snap.licdn.com/li.lms-analytics/insight.min.js:0
[    8858ms] [WARNING] Rewardful is already loaded. @ https://lovable.dev/_next/static/chunks/1q0dkrsaeqwvq.js?dpl=a-29343166272-1-95500d58eae3b478:9
[    8917ms] [ERROR] Failed to load resource: net::ERR_CERT_AUTHORITY_INVALID @ https://snap.licdn.com/li.lms-analytics/insight.min.js:0
[    8922ms] [ERROR] Failed to load resource: net::ERR_CERT_AUTHORITY_INVALID @ https://analytics.tiktok.com/i18n/pixel/events.js?sdkid=CVJ5MTBC77U1BR7NAGTG&lib=ttq:0
