[     612ms] [LOG] 
⠀⠀#######
 ##########
#############
##############
##############
###################
#####################
#######################
#######################
#######################
######################
###################

%cWe're hiring!

%chttps://lovable.dev/careers color: #FFFFFF; font-weight: 900; font-size: 18px; text-shadow: 1px 1px 2px black; color: blue; font-size: 16px; @ https://lovable.dev/_next/static/chunks/102lgw9cth5zx.js?dpl=a-29343487455-1-ece63d4ed3a71655:9
[     819ms] [INFO] WebGPU is experimental on this platform. See https://github.com/gpuweb/gpuweb/wiki/Implementation-Status#implementation-status @ https://lovable.dev/_next/static/chunks/18gexatw48j4g.js?dpl=a-29343487455-1-ece63d4ed3a71655:1
[     820ms] [WARNING] Failed to create WebGPU Context Provider @ https://lovable.dev/_next/static/chunks/18gexatw48j4g.js?dpl=a-29343487455-1-ece63d4ed3a71655:1
[    1004ms] [LOG] Initializing RudderStack Analytics @ https://lovable.dev/_next/static/chunks/102lgw9cth5zx.js?dpl=a-29343487455-1-ece63d4ed3a71655:9
[    1138ms] [WARNING] Rewardful is already loaded. @ https://lovable.dev/_next/static/chunks/102lgw9cth5zx.js?dpl=a-29343487455-1-ece63d4ed3a71655:9
[    1344ms] [ERROR] Failed to load resource: net::ERR_CERT_AUTHORITY_INVALID @ https://snap.licdn.com/li.lms-analytics/insight.min.js:0
[    1470ms] [ERROR] Failed to load resource: net::ERR_CERT_AUTHORITY_INVALID @ https://snap.licdn.com/li.lms-analytics/insight.min.js:0
[    1486ms] [ERROR] Failed to load resource: net::ERR_CERT_AUTHORITY_INVALID @ https://analytics.tiktok.com/i18n/pixel/events.js?sdkid=CVJ5MTBC77U1BR7NAGTG&lib=ttq:0
[    1596ms] [ERROR] Failed to load resource: net::ERR_CERT_AUTHORITY_INVALID @ https://snap.licdn.com/li.lms-analytics/insight.min.js:0
